[INFO] 11:52:26:484 un logueo/(5342:5342): Metricas inicializadas
[INFO] 11:52:26:484 un logueo/(5342:5342): Memorias inicializadas
[INFO] 11:52:26:484 un logueo/(5342:5342): Metricas informadas
[INFO] 11:54:24:789 kernel/(5490:5490): Metricas inicializadas
[INFO] 11:54:24:789 kernel/(5490:5490): Memorias inicializadas
[INFO] 11:54:24:789 kernel/(5490:5490): Metricas informadas
[INFO] 11:57:50:13 kernel/(5562:5562): Metricas inicializadas
[INFO] 11:57:50:13 kernel/(5562:5562): Memorias inicializadas
[INFO] 11:57:50:13 kernel/(5562:5562): Metricas informadas
[INFO] 11:58:24:727 kernel/(5592:5592): Metricas inicializadas
[INFO] 11:58:24:727 kernel/(5592:5592): Memorias inicializadas
[INFO] 11:58:24:727 kernel/(5592:5592): Metricas informadas
[INFO] 12:26:29:230 kernel/(5161:5161): Metricas inicializadas
[INFO] 12:26:29:230 kernel/(5161:5161): Memorias inicializadas
[INFO] 12:26:29:230 kernel/(5161:5161): Metricas informadas
[INFO] 12:35:45:244 kernel/(5434:5434): Metricas inicializadas
[INFO] 12:35:45:244 kernel/(5434:5434): Memorias inicializadas
[INFO] 12:35:45:244 kernel/(5434:5434): Metricas informadas
[INFO] 12:42:48:782 kernel/(6099:6099): Metricas inicializadas
[INFO] 12:42:48:782 kernel/(6099:6099): Memorias inicializadas
[INFO] 12:42:48:782 kernel/(6099:6099): Metricas informadas
[INFO] 13:06:32:597 kernel/(7445:7445): Metricas inicializadas
[INFO] 13:06:32:602 kernel/(7445:7445): Memorias inicializadas
[INFO] 13:06:32:603 kernel/(7445:7445): Metricas informadas
[INFO] 13:06:32:603 kernel/(7445:7445): Leyendo desde consola
[INFO] 13:07:41:834 kernel/(7530:7530): Metricas inicializadas
[INFO] 13:07:41:834 kernel/(7530:7530): Memorias inicializadas
[INFO] 13:07:41:834 kernel/(7530:7530): Metricas informadas
[INFO] 13:07:41:834 kernel/(7530:7530): Leyendo desde consola
[INFO] 13:25:00:365 kernel/(8181:8181): Metricas inicializadas
[INFO] 13:25:00:365 kernel/(8181:8181): Memorias inicializadas
[INFO] 13:25:00:365 kernel/(8181:8181): Metricas informadas
[INFO] 13:25:00:365 kernel/(8181:8181): Leyendo desde consola
[INFO] 13:31:37:72 kernel/(8613:8613): Metricas inicializadas
[INFO] 13:31:37:72 kernel/(8613:8613): Memorias inicializadas
[INFO] 13:31:37:72 kernel/(8613:8613): Metricas informadas
[INFO] 13:31:37:72 kernel/(8613:8613): Leyendo desde consola
[INFO] 13:33:49:154 kernel/(8822:8822): Metricas inicializadas
[INFO] 13:33:49:154 kernel/(8822:8822): Memorias inicializadas
[INFO] 13:33:49:154 kernel/(8822:8822): Metricas informadas
[INFO] 13:33:49:154 kernel/(8822:8822): Leyendo desde consola
[INFO] 14:06:48:630 kernel/(10546:10546): Metricas inicializadas
[INFO] 14:06:48:630 kernel/(10546:10546): Memorias inicializadas
[INFO] 14:06:48:631 kernel/(10546:10546): Metricas informadas
[INFO] 14:06:48:631 kernel/(10546:10546): Leyendo desde consola
[INFO] 14:06:58:494 kernel/(10558:10558): Metricas inicializadas
[INFO] 14:06:58:494 kernel/(10558:10558): Memorias inicializadas
[INFO] 14:06:58:494 kernel/(10558:10558): Metricas informadas
[INFO] 14:06:58:494 kernel/(10558:10558): Leyendo desde consola
[INFO] 14:07:00:387 kernel/(10569:10569): Metricas inicializadas
[INFO] 14:07:00:388 kernel/(10569:10569): Memorias inicializadas
[INFO] 14:07:00:388 kernel/(10569:10569): Metricas informadas
[INFO] 14:07:00:388 kernel/(10569:10569): Leyendo desde consola
[INFO] 20:30:33:244 kernel/(6515:6515): Metricas inicializadas
[INFO] 20:30:33:245 kernel/(6515:6515): Memorias inicializadas
[INFO] 20:30:33:245 kernel/(6515:6515): Metricas informadas
[INFO] 20:30:33:245 kernel/(6515:6515): Leyendo desde consola
[INFO] 18:34:54:41 kernel/(26242:26242): Metricas inicializadas
[INFO] 18:34:54:42 kernel/(26242:26242): Memorias inicializadas
[INFO] 18:34:54:42 kernel/(26242:26242): Metricas informadas
[INFO] 18:34:54:43 kernel/(26242:26242): Leyendo desde consola
[INFO] 19:29:42:707 kernel/(3656:3656): Metricas inicializadas
[INFO] 19:29:42:707 kernel/(3656:3656): Memorias inicializadas
[INFO] 19:29:42:707 kernel/(3656:3656): Metricas informadas
[INFO] 19:29:42:708 kernel/(3656:3656): Leyendo desde consola
[INFO] 20:43:34:134 kernel/(6804:6804): Metricas inicializadas
[INFO] 20:43:34:134 kernel/(6804:6804): Memorias inicializadas
[INFO] 20:43:34:134 kernel/(6804:6804): Metricas informadas
[INFO] 20:43:34:134 kernel/(6804:6804): Leyendo desde consola
[INFO] 20:47:11:7 kernel/(7003:7003): Metricas inicializadas
[INFO] 20:47:11:7 kernel/(7003:7003): Memorias inicializadas
[INFO] 20:47:11:7 kernel/(7003:7003): Metricas informadas
[INFO] 20:47:11:7 kernel/(7003:7003): Leyendo desde consola
[INFO] 20:50:57:528 kernel/(7227:7227): Metricas inicializadas
[INFO] 20:50:57:540 kernel/(7227:7227): Memorias inicializadas
[INFO] 20:50:57:540 kernel/(7227:7227): Metricas informadas
[INFO] 20:50:57:540 kernel/(7227:7227): Leyendo desde consola
[INFO] 20:51:57:741 kernel/(7258:7258): Metricas inicializadas
[INFO] 20:51:57:742 kernel/(7258:7258): Memorias inicializadas
[INFO] 20:51:57:742 kernel/(7258:7258): Metricas informadas
[INFO] 20:51:57:742 kernel/(7258:7258): Leyendo desde consola
[INFO] 20:55:48:885 kernel/(7858:7858): Metricas inicializadas
[INFO] 20:55:48:885 kernel/(7858:7858): Memorias inicializadas
[INFO] 20:55:48:885 kernel/(7858:7858): Metricas informadas
[INFO] 20:55:48:885 kernel/(7858:7858): Leyendo desde consola
[INFO] 20:59:10:497 kernel/(8087:8087): Metricas inicializadas
[INFO] 20:59:10:595 kernel/(8087:8087): Memorias inicializadas
[INFO] 20:59:10:596 kernel/(8087:8087): Metricas informadas
[INFO] 20:59:10:596 kernel/(8087:8087): Leyendo desde consola
[INFO] 21:00:50:41 kernel/(8270:8270): Metricas inicializadas
[INFO] 21:00:50:41 kernel/(8270:8270): Memorias inicializadas
[INFO] 21:00:50:41 kernel/(8270:8270): Metricas informadas
[INFO] 21:00:50:41 kernel/(8270:8270): Leyendo desde consola
[INFO] 21:01:50:854 kernel/(8328:8328): Metricas inicializadas
[INFO] 21:01:50:854 kernel/(8328:8328): Memorias inicializadas
[INFO] 21:01:50:855 kernel/(8328:8328): Metricas informadas
[INFO] 21:01:50:855 kernel/(8328:8328): Leyendo desde consola
[INFO] 21:04:19:819 kernel/(8387:8387): Metricas inicializadas
[INFO] 21:04:19:819 kernel/(8387:8387): Memorias inicializadas
[INFO] 21:04:19:819 kernel/(8387:8387): Metricas informadas
[INFO] 21:04:19:819 kernel/(8387:8387): Leyendo desde consola
[INFO] 21:06:07:714 kernel/(8442:8442): Metricas inicializadas
[INFO] 21:06:07:714 kernel/(8442:8442): Memorias inicializadas
[INFO] 21:06:07:714 kernel/(8442:8442): Metricas informadas
[INFO] 21:06:07:715 kernel/(8442:8442): Leyendo desde consola
[INFO] 21:06:47:21 kernel/(8449:8449): Metricas inicializadas
[INFO] 21:06:47:21 kernel/(8449:8449): Memorias inicializadas
[INFO] 21:06:47:22 kernel/(8449:8449): Metricas informadas
[INFO] 21:06:47:22 kernel/(8449:8449): Leyendo desde consola
[INFO] 21:07:31:230 kernel/(8484:8484): Metricas inicializadas
[INFO] 21:07:31:230 kernel/(8484:8484): Memorias inicializadas
[INFO] 21:07:31:230 kernel/(8484:8484): Metricas informadas
[INFO] 21:07:31:230 kernel/(8484:8484): Leyendo desde consola
[INFO] 21:07:52:794 kernel/(8498:8498): Metricas inicializadas
[INFO] 21:07:52:794 kernel/(8498:8498): Memorias inicializadas
[INFO] 21:07:52:794 kernel/(8498:8498): Metricas informadas
[INFO] 21:07:52:794 kernel/(8498:8498): Leyendo desde consola
[INFO] 21:07:54:747 kernel/(8501:8501): Metricas inicializadas
[INFO] 21:07:54:747 kernel/(8501:8501): Memorias inicializadas
[INFO] 21:07:54:748 kernel/(8501:8501): Metricas informadas
[INFO] 21:07:54:748 kernel/(8501:8501): Leyendo desde consola
[INFO] 21:07:56:484 kernel/(8504:8504): Metricas inicializadas
[INFO] 21:07:56:484 kernel/(8504:8504): Memorias inicializadas
[INFO] 21:07:56:485 kernel/(8504:8504): Metricas informadas
[INFO] 21:07:56:485 kernel/(8504:8504): Leyendo desde consola
[INFO] 22:06:26:891 kernel/(3577:3577): Metricas inicializadas
[INFO] 22:06:27:34 kernel/(3577:3577): Memorias inicializadas
[INFO] 22:06:27:38 kernel/(3577:3577): Metricas informadas
[INFO] 22:06:27:38 kernel/(3577:3577): Leyendo desde consola
[INFO] 12:11:11:117 kernel/(7980:7980): Metricas inicializadas
[INFO] 12:11:11:142 kernel/(7980:7980): Memorias inicializadas
[INFO] 12:11:11:142 kernel/(7980:7980): Metricas informadas
[INFO] 12:11:11:142 kernel/(7980:7980): Leyendo desde consola
[INFO] 16:59:28:889 kernel/(3937:3937): Metricas inicializadas
[INFO] 16:59:28:889 kernel/(3937:3937): Memorias inicializadas
[INFO] 16:59:28:889 kernel/(3937:3937): Metricas informadas
[INFO] 16:59:28:889 kernel/(3937:3937): Leyendo desde consola
[INFO] 17:00:58:68 kernel/(3997:3997): Metricas inicializadas
[INFO] 17:00:58:68 kernel/(3997:3997): Memorias inicializadas
[INFO] 17:00:58:68 kernel/(3997:3997): Metricas informadas
[INFO] 17:00:58:68 kernel/(3997:3997): Leyendo desde consola
[INFO] 17:05:51:441 kernel/(4108:4108): Metricas inicializadas
[INFO] 17:05:51:441 kernel/(4108:4108): Memorias inicializadas
[INFO] 17:05:51:441 kernel/(4108:4108): Metricas informadas
[INFO] 17:05:51:441 kernel/(4108:4108): Leyendo desde consola
