[INFO] 22:04:38:725 Servidor/(9813:9813): Servidor listo para recibir al cliente
[INFO] 22:06:04:568 Servidor/(9813:9813): Se conecto un cliente!
[INFO] 22:06:04:575 Servidor/(9813:9813): Me llego el mensaje 123456;parametro1;parametro2;parametro3;parametro4;
[INFO] 22:08:45:231 Servidor/(9935:9935): Servidor listo para recibir al cliente
[INFO] 22:09:08:30 Servidor/(9935:9935): Se conecto un cliente!
[INFO] 22:09:08:30 Servidor/(9935:9935): Me llego el mensaje 123456;parametro1;parametro2;parametro3;parametro4;
[ERROR] 22:09:08:31 Servidor/(9935:9935): el cliente se desconecto. Terminando servidor
[INFO] 22:28:17:46 Servidor/(10514:10514): Servidor listo para recibir al cliente
[INFO] 22:34:43:636 Servidor/(10733:10733): Servidor listo para recibir al cliente
[INFO] 22:37:44:294 Servidor/(10858:10858): Servidor listo para recibir al cliente
[INFO] 16:02:30:88 Servidor/(21229:21229): Servidor listo para recibir al cliente
[INFO] 16:02:39:973 Servidor/(21229:21229): Se conecto un cliente!
[INFO] 16:02:39:974 Servidor/(21229:21229): Me llego el mensaje 123456;parametro1;parametro2;parametro3;parametro4;
[ERROR] 16:02:39:974 Servidor/(21229:21229): el cliente se desconecto. Terminando servidor
[INFO] 16:14:26:636 Servidor/(21778:21778): Servidor listo para recibir al cliente
[INFO] 16:14:33:685 Servidor/(21778:21778): Se conecto un cliente!
[INFO] 16:14:33:685 Servidor/(21778:21778): Me llego el mensaje 123456;parametro1;parametro2;parametro3;parametro4;
[ERROR] 16:14:33:685 Servidor/(21778:21778): el cliente se desconecto. Terminando servidor
[INFO] 16:18:23:807 Servidor/(21906:21906): Servidor listo para recibir al cliente
[INFO] 16:18:25:724 Servidor/(21906:21906): Se conecto un cliente!
[INFO] 16:18:25:724 Servidor/(21906:21906): Me llego el mensaje 123456;parametro1;parametro2;parametro3;parametro4;
[ERROR] 16:18:25:724 Servidor/(21906:21906): el cliente se desconecto. Terminando servidor
[INFO] 17:36:36:814 Servidor/(24511:24511): Servidor listo para recibir al cliente
[INFO] 17:36:38:861 Servidor/(24511:24511): Se conecto un cliente!
[INFO] 17:36:38:868 Servidor/(24511:24511): Me llego el mensaje 123456;parametro1;parametro2;parametro3;parametro4;
[ERROR] 17:36:38:868 Servidor/(24511:24511): el cliente se desconecto. Terminando servidor
[INFO] 17:54:37:552 Servidor/(25248:25248): Servidor listo para recibir al cliente
[INFO] 17:54:39:909 Servidor/(25248:25248): Se conecto un cliente!
[INFO] 17:54:39:916 Servidor/(25248:25248): Me llego el mensaje 123456;parametro1;parametro2;parametro3;parametro4;
[ERROR] 17:54:39:916 Servidor/(25248:25248): el cliente se desconecto. Terminando servidor
[INFO] 18:01:05:458 Servidor/(25467:25467): Servidor listo para recibir al cliente
[INFO] 18:01:07:681 Servidor/(25467:25467): Se conecto un cliente!
[INFO] 18:01:07:687 Servidor/(25467:25467): Me llego el mensaje 123456;parametro1;parametro2;parametro3;parametro4;
[ERROR] 18:01:07:687 Servidor/(25467:25467): el cliente se desconecto. Terminando servidor
[INFO] 18:03:21:96 Servidor/(25578:25578): Servidor listo para recibir al cliente
[INFO] 18:03:23:450 Servidor/(25578:25578): Se conecto un cliente!
[INFO] 18:03:23:459 Servidor/(25578:25578): Me llego el mensaje 123456;parametro1;parametro2;parametro3;parametro4;
[ERROR] 18:03:23:462 Servidor/(25578:25578): el cliente se desconecto. Terminando servidor
[INFO] 18:29:19:500 Servidor/(26080:26080): Servidor listo para recibir al cliente
[INFO] 18:29:21:693 Servidor/(26080:26080): Se conecto un cliente!
[INFO] 18:29:21:693 Servidor/(26080:26080): Me llego el mensaje 123456;parametro1;parametro2;parametro3;parametro4;
[ERROR] 18:29:21:699 Servidor/(26080:26080): el cliente se desconecto. Terminando servidor
[INFO] 18:32:46:403 Servidor/(26143:26143): Servidor listo para recibir al cliente
[INFO] 18:32:48:767 Servidor/(26143:26143): Se conecto un cliente!
[INFO] 18:32:48:773 Servidor/(26143:26143): Me llego el mensaje 123456;parametro1;parametro2;parametro3;parametro4;
[ERROR] 18:32:48:773 Servidor/(26143:26143): el cliente se desconecto. Terminando servidor
[INFO] 18:34:48:365 Servidor/(26241:26241): Servidor listo para recibir al cliente
[INFO] 18:35:03:65 Servidor/(26241:26241): Se conecto un cliente!
[INFO] 18:35:03:72 Servidor/(26241:26241): Me llego el mensaje 123456;parametro1;parametro2;parametro3;parametro4;
[ERROR] 18:35:03:73 Servidor/(26241:26241): el cliente se desconecto. Terminando servidor
[INFO] 19:29:51:4 Servidor/(3664:3664): Servidor listo para recibir al cliente
[INFO] 19:29:55:222 Servidor/(3664:3664): Se conecto un cliente!
[INFO] 19:29:55:223 Servidor/(3664:3664): Me llego el mensaje 123456;parametro1;parametro2;parametro3;parametro4;
[ERROR] 19:29:55:223 Servidor/(3664:3664): el cliente se desconecto. Terminando servidor
[INFO] 20:43:28:783 Servidor/(6800:6800): Servidor listo para recibir al cliente
[INFO] 20:43:39:633 Servidor/(6800:6800): Se conecto un cliente!
[INFO] 20:43:39:633 Servidor/(6800:6800): Me llego el mensaje 123456;parametro1;parametro2;parametro3;parametro4;
[ERROR] 20:43:39:634 Servidor/(6800:6800): el cliente se desconecto. Terminando servidor
[INFO] 20:47:08:312 Servidor/(7001:7001): Servidor listo para recibir al cliente
[INFO] 20:47:14:226 Servidor/(7001:7001): Se conecto un cliente!
[INFO] 20:47:14:227 Servidor/(7001:7001): Me llego el mensaje 123456;parametro1;parametro2;parametro3;parametro4;
[ERROR] 20:47:20:237 Servidor/(7001:7001): el cliente se desconecto. Terminando servidor
[INFO] 20:50:59:368 Servidor/(7231:7231): Servidor listo para recibir al cliente
[INFO] 20:51:03:639 Servidor/(7231:7231): Se conecto un cliente!
[INFO] 20:51:03:639 Servidor/(7231:7231): Me llego el mensaje 123456;parametro1;parametro2;parametro3;parametro4;
[ERROR] 20:51:15:239 Servidor/(7231:7231): el cliente se desconecto. Terminando servidor
[INFO] 20:51:55:356 Servidor/(7256:7256): Servidor listo para recibir al cliente
[INFO] 20:52:00:307 Servidor/(7256:7256): Se conecto un cliente!
[INFO] 20:52:00:308 Servidor/(7256:7256): Me llego el mensaje 123456;parametro1;parametro2;parametro3;parametro4;
[INFO] 20:55:46:682 Servidor/(7855:7855): Servidor listo para recibir al cliente
[INFO] 20:55:51:241 Servidor/(7855:7855): Se conecto un cliente!
[INFO] 20:55:51:241 Servidor/(7855:7855): Me llego el mensaje 123456;parametro1;parametro2;parametro3;parametro4;
[ERROR] 20:57:27:971 Servidor/(7855:7855): el cliente se desconecto. Terminando servidor
[INFO] 20:59:08:336 Servidor/(8085:8085): Servidor listo para recibir al cliente
[INFO] 20:59:13:112 Servidor/(8085:8085): Se conecto un cliente!
[INFO] 20:59:13:112 Servidor/(8085:8085): Me llego el mensaje 123456;parametro1;parametro2;parametro3;parametro4;
[INFO] 21:00:47:265 Servidor/(8268:8268): Servidor listo para recibir al cliente
[INFO] 21:00:52:548 Servidor/(8268:8268): Se conecto un cliente!
[INFO] 21:00:52:548 Servidor/(8268:8268): Me llego el mensaje 123456;parametro1;parametro2;parametro3;parametro4;
[ERROR] 21:01:00:972 Servidor/(8268:8268): el cliente se desconecto. Terminando servidor
[INFO] 21:01:48:442 Servidor/(8326:8326): Servidor listo para recibir al cliente
[INFO] 21:01:53:301 Servidor/(8326:8326): Se conecto un cliente!
[INFO] 21:01:53:301 Servidor/(8326:8326): Me llego el mensaje 123456;parametro1;parametro2;parametro3;parametro4;
[INFO] 21:04:17:826 Servidor/(8385:8385): Servidor listo para recibir al cliente
[INFO] 21:04:22:281 Servidor/(8385:8385): Se conecto un cliente!
[INFO] 21:04:22:282 Servidor/(8385:8385): Me llego el mensaje 123456;parametro1;parametro2;parametro3;parametro4;
[INFO] 21:05:57:27 Servidor/(8439:8439): Servidor listo para recibir al cliente
[INFO] 21:07:40:70 Servidor/(8486:8486): Servidor listo para recibir al cliente
[INFO] 21:07:42:787 Servidor/(8486:8486): Se conecto un cliente!
[INFO] 21:07:42:787 Servidor/(8486:8486): Me llego el mensaje 123456;parametro1;parametro2;parametro3;parametro4;
[INFO] 22:07:13:759 Servidor/(3617:3617): Servidor listo para recibir al cliente
[INFO] 22:07:31:208 Servidor/(3639:3639): Servidor listo para recibir al cliente
[INFO] 22:10:20:584 Servidor/(3852:3852): Servidor listo para recibir al cliente
[INFO] 22:10:24:533 Servidor/(3852:3852): Se conecto un cliente!
[ERROR] 22:11:07:783 Servidor/(3852:3852): el cliente se desconecto. Terminando servidor
[INFO] 22:13:30:229 Servidor/(4086:4086): Servidor listo para recibir al cliente
[INFO] 22:13:33:523 Servidor/(4086:4086): Se conecto un cliente!
[INFO] 22:13:33:524 Servidor/(4086:4086): Me llego el mensaje 1;mensaje;conexion;memoria;xd;
[INFO] 23:29:00:677 Servidor/(7417:7417): Se conecto un cliente!
[ERROR] 23:29:16:853 Servidor/(7417:7417): el cliente se desconecto. Terminando servidor
[INFO] 23:35:31:465 Servidor/(7800:7800): Se conecto un cliente!
[INFO] 23:35:31:465 Servidor/(7800:7800): Me llego el mensaje 123456;parametro1;parametro2;parametro3;parametro4;
[INFO] 23:37:17:906 Servidor/(7961:7961): Se conecto un cliente!
[INFO] 23:37:17:907 Servidor/(7961:7961): Me llego el mensaje 123456;parametro1;parametro2;parametro3;parametro4;
[INFO] 23:39:25:584 Servidor/(8123:8123): Se conecto un cliente!
[INFO] 23:39:25:584 Servidor/(8123:8123): Me llego el mensaje 123456;parametro1;parametro2;parametro3;parametro4;
